Thu Dec  8 13:53:09 2016 Server starts on host: ross-N56VM
Listening on TCP port 23233
Listening on TCP port 32324
Listening on TCP port 23024
Server initialized
Sending message: type = MSERVER CTRL request, length = 7, subtype = HEARTBEAT, sid = 1
Thu Dec  8 13:53:09 2016 New connection from localhost:51325
Thu Dec  8 13:53:09 2016 New connection from localhost:45759
Thu Dec  8 13:53:09 2016 Receiving a metadata server message
Received message: type = SERVER CTRL request, length = 17, subtype = SET-SECONDARY, host = localhost, port = 43435
Sending message: type = SERVER CTRL response, length = 5, status = Success
Sending message: type = MSERVER CTRL request, length = 7, subtype = HEARTBEAT, sid = 1
Sending message: type = MSERVER CTRL request, length = 7, subtype = HEARTBEAT, sid = 1
Sending message: type = MSERVER CTRL request, length = 7, subtype = HEARTBEAT, sid = 1
Sending message: type = MSERVER CTRL request, length = 7, subtype = HEARTBEAT, sid = 1
Thu Dec  8 13:53:14 2016 Receiving a server message
Sending message: type = MSERVER CTRL request, length = 7, subtype = HEARTBEAT, sid = 1
Sending message: type = MSERVER CTRL request, length = 7, subtype = HEARTBEAT, sid = 1
Sending message: type = MSERVER CTRL request, length = 7, subtype = HEARTBEAT, sid = 1
Sending message: type = MSERVER CTRL request, length = 7, subtype = HEARTBEAT, sid = 1
Sending message: type = MSERVER CTRL request, length = 7, subtype = HEARTBEAT, sid = 1
Thu Dec  8 13:53:18 2016 New connection from localhost:45764
Thu Dec  8 13:53:18 2016 Receiving a metadata server message
Received message: type = SERVER CTRL request, length = 17, subtype = UPDATE-PRIMARY, host = localhost, port = 21213
Sending message: type = SERVER CTRL response, length = 5, status = Success
Sending message: type = MSERVER CTRL request, length = 7, subtype = HEARTBEAT, sid = 1
Sending message: type = MSERVER CTRL request, length = 7, subtype = HEARTBEAT, sid = 1
Sending message: type = MSERVER CTRL request, length = 7, subtype = HEARTBEAT, sid = 1
Sending message: type = MSERVER CTRL request, length = 7, subtype = HEARTBEAT, sid = 1
Sending message: type = MSERVER CTRL request, length = 7, subtype = HEARTBEAT, sid = 1
Sending message: type = MSERVER CTRL request, length = 7, subtype = HEARTBEAT, sid = 1
Sending message: type = MSERVER CTRL request, length = 7, subtype = HEARTBEAT, sid = 1
Thu Dec  8 13:53:26 2016 Receiving a server message
Thu Dec  8 13:53:26 2016 Receiving a metadata server message
Received message: type = SERVER CTRL request, length = 7, subtype = SHUTDOWN
